<beans xmlns="http://www.springframework.org/schema/beans"
	xmlns:xsi="http://www.w3.org/2001/XMLSchema-instance"
	xmlns:util="http://www.springframework.org/schema/util"
	xmlns:context="http://www.springframework.org/schema/context"
  xmlns:datty="http://datty.io/schema/datty"
	xsi:schemaLocation="
		http://www.springframework.org/schema/beans
		http://www.springframework.org/schema/beans/spring-beans.xsd
		http://www.springframework.org/schema/util
		http://www.springframework.org/schema/util/spring-util.xsd
		http://www.springframework.org/schema/context 
		http://www.springframework.org/schema/context/spring-context.xsd
    http://datty.io/schema/datty
    http://datty.io/schema/datty-1.0.xsd">

    <context:annotation-config />
    <context:component-scan base-package="io.datty.spring.test.repository" />
	
    <bean id="datty-manager" class="io.datty.unit.UnitDattyManager" />
    
    <datty:datty />
    
    <datty:converter />
        
    <datty:template />
    
    <datty:repositories base-package="io.datty.spring.test.repository" />
    
</beans>